<?xml version="1.0" encoding="UTF-8"?>
<testsuite xmlns:xsi="http://www.w3.org/2001/XMLSchema-instance" xsi:noNamespaceSchemaLocation="https://maven.apache.org/surefire/maven-surefire-plugin/xsd/surefire-test-report.xsd" name="com.mycompany.app.AppTest" time="0.036" tests="1" errors="0" skipped="0" failures="0">
  <properties>
    <property name="sun.desktop" value="windows"/>
    <property name="awt.toolkit" value="sun.awt.windows.WToolkit"/>
    <property name="file.encoding.pkg" value="sun.io"/>
    <property name="java.specification.version" value="1.8"/>
    <property name="sun.cpu.isalist" value="amd64"/>
    <property name="sun.jnu.encoding" value="Cp1252"/>
    <property name="java.class.path" value="D:\Maven\myapp\my-app\target\test-classes;D:\Maven\myapp\my-app\target\classes;C:\Users\ilias.avramidis\.m2\repository\junit\junit\4.11\junit-4.11.jar;C:\Users\ilias.avramidis\.m2\repository\org\hamcrest\hamcrest-core\1.3\hamcrest-core-1.3.jar;"/>
    <property name="java.vm.vendor" value="Oracle Corporation"/>
    <property name="sun.arch.data.model" value="64"/>
    <property name="user.variant" value=""/>
    <property name="java.vendor.url" value="http://java.oracle.com/"/>
    <property name="user.timezone" value="Europe/Athens"/>
    <property name="java.vm.specification.version" value="1.8"/>
    <property name="os.name" value="Windows 10"/>
    <property name="user.country" value="US"/>
    <property name="sun.java.launcher" value="SUN_STANDARD"/>
    <property name="sun.boot.library.path" value="C:\Program Files\OpenJDK\jdk-8.0.262.10-hotspot\jre\bin"/>
    <property name="sun.java.command" value="C:\Users\ILIAS~1.AVR\AppData\Local\Temp\surefire8454647884764436951\surefirebooter8667146755035363900.jar C:\Users\ilias.avramidis\AppData\Local\Temp\surefire8454647884764436951 2021-05-27T12-42-20_917-jvmRun1 surefire1517585508500528344tmp surefire_05347251972075061785tmp"/>
    <property name="surefire.test.class.path" value="D:\Maven\myapp\my-app\target\test-classes;D:\Maven\myapp\my-app\target\classes;C:\Users\ilias.avramidis\.m2\repository\junit\junit\4.11\junit-4.11.jar;C:\Users\ilias.avramidis\.m2\repository\org\hamcrest\hamcrest-core\1.3\hamcrest-core-1.3.jar;"/>
    <property name="sun.cpu.endian" value="little"/>
    <property name="user.home" value="C:\Users\ilias.avramidis"/>
    <property name="user.language" value="en"/>
    <property name="java.specification.vendor" value="Oracle Corporation"/>
    <property name="java.home" value="C:\Program Files\OpenJDK\jdk-8.0.262.10-hotspot\jre"/>
    <property name="basedir" value="D:\Maven\myapp\my-app"/>
    <property name="file.separator" value="\"/>
    <property name="line.separator" value="&#10;"/>
    <property name="java.vm.specification.vendor" value="Oracle Corporation"/>
    <property name="java.specification.name" value="Java Platform API Specification"/>
    <property name="java.awt.graphicsenv" value="sun.awt.Win32GraphicsEnvironment"/>
    <property name="surefire.real.class.path" value="C:\Users\ILIAS~1.AVR\AppData\Local\Temp\surefire8454647884764436951\surefirebooter8667146755035363900.jar"/>
    <property name="sun.boot.class.path" value="C:\Program Files\OpenJDK\jdk-8.0.262.10-hotspot\jre\lib\resources.jar;C:\Program Files\OpenJDK\jdk-8.0.262.10-hotspot\jre\lib\rt.jar;C:\Program Files\OpenJDK\jdk-8.0.262.10-hotspot\jre\lib\sunrsasign.jar;C:\Program Files\OpenJDK\jdk-8.0.262.10-hotspot\jre\lib\jsse.jar;C:\Program Files\OpenJDK\jdk-8.0.262.10-hotspot\jre\lib\jce.jar;C:\Program Files\OpenJDK\jdk-8.0.262.10-hotspot\jre\lib\charsets.jar;C:\Program Files\OpenJDK\jdk-8.0.262.10-hotspot\jre\lib\jfr.jar;C:\Program Files\OpenJDK\jdk-8.0.262.10-hotspot\jre\classes"/>
    <property name="user.script" value=""/>
    <property name="sun.management.compiler" value="HotSpot 64-Bit Tiered Compilers"/>
    <property name="java.runtime.version" value="1.8.0-262-b10"/>
    <property name="user.name" value="ilias.avramidis"/>
    <property name="path.separator" value=";"/>
    <property name="os.version" value="10.0"/>
    <property name="java.endorsed.dirs" value="C:\Program Files\OpenJDK\jdk-8.0.262.10-hotspot\jre\lib\endorsed"/>
    <property name="java.runtime.name" value="OpenJDK Runtime Environment"/>
    <property name="file.encoding" value="Cp1252"/>
    <property name="java.vm.name" value="OpenJDK 64-Bit Server VM"/>
    <property name="localRepository" value="C:\Users\ilias.avramidis\.m2\repository"/>
    <property name="java.vendor.url.bug" value="http://bugreport.sun.com/bugreport/"/>
    <property name="java.io.tmpdir" value="C:\Users\ILIAS~1.AVR\AppData\Local\Temp\"/>
    <property name="java.version" value="1.8.0-262"/>
    <property name="user.dir" value="D:\Maven\myapp\my-app"/>
    <property name="os.arch" value="amd64"/>
    <property name="java.vm.specification.name" value="Java Virtual Machine Specification"/>
    <property name="java.awt.printerjob" value="sun.awt.windows.WPrinterJob"/>
    <property name="sun.os.patch.level" value=""/>
    <property name="java.library.path" value="C:\Program Files\OpenJDK\jdk-8.0.262.10-hotspot\jre\bin;C:\Windows\Sun\Java\bin;C:\Windows\system32;C:\Windows;C:\Program Files\OpenJDK\jdk-8.0.262.10-hotspot\bin;C:\Program Files\Common Files\Oracle\Java\javapath;C:\Windows\system32;C:\Windows;C:\Windows\System32\Wbem;C:\Windows\System32\WindowsPowerShell\v1.0\;C:\Windows\System32\OpenSSH\;C:\Program Files (x86)\Intel\Intel(R) Management Engine Components\DAL;C:\Program Files\Intel\Intel(R) Management Engine Components\DAL;C:\Program Files\Git\cmd;D:\Install_programs\windows-amd64;D:\Install_programs\istio-1.8.4-win\istio-1.8.4\bin;D:\Maven\apache-maven-3.6.3-bin\apache-maven-3.6.3\bin;C:\Program Files\nodejs\;D:\Install_programs\curl\curl-7.75.0-win64-mingw\bin;C:\Program Files (x86)\Groovy\bin;C:\Program Files (x86)\Groovy\bin;C:\Program Files\Go\bin;D:\Install_programs\helm-v3.5.3\windows-amd64;;C:\Program Files\Docker\Docker\resources\bin;C:\ProgramData\DockerDesktop\version-bin;C:\Users\ilias.avramidis\AppData\Local\Microsoft\WindowsApps;C:\Users\ilias.avramidis\AppData\Local\Programs\Microsoft VS Code\bin;C:\Users\ilias.avramidis\AppData\Roaming\npm;C:\Users\ilias.avramidis\go\bin;."/>
    <property name="java.vm.info" value="mixed mode"/>
    <property name="java.vendor" value="OpenLogic-OpenJDK"/>
    <property name="java.vm.version" value="25.71-b10"/>
    <property name="java.ext.dirs" value="C:\Program Files\OpenJDK\jdk-8.0.262.10-hotspot\jre\lib\ext;C:\Windows\Sun\Java\lib\ext"/>
    <property name="sun.io.unicode.encoding" value="UnicodeLittle"/>
    <property name="java.class.version" value="52.0"/>
  </properties>
  <testcase name="shouldAnswerWithTrue" classname="com.mycompany.app.AppTest" time="0.001"/>
</testsuite>